2020-01-14 20:06:03,289 [Worker-1: Loading available Gradle versions] INFO  o.e.b.c.i.u.g.PublishedGradleVersions - Gradle version information cache is out-of-date. Trying to update.
2020-01-14 20:07:28,482 [Worker-8: Importing Maven projects] INFO  o.e.m.c.i.l.LifecycleMappingFactory - Using org.eclipse.m2e.jdt.JarLifecycleMapping lifecycle mapping for MavenProject: com.sid:caatalogue:0.0.1-SNAPSHOT @ C:\work-space-hibernate-jpa-spring-data\H-JPA-SPRING-DATA\pom.xml.
2020-01-14 20:07:34,481 [Worker-8: Importing Maven projects] INFO  o.e.m.j.i.AbstractJavaProjectConfigurator - Adding source folder /H-JPA-SPRING-DATA/src/main/java
2020-01-14 20:07:34,482 [Worker-8: Importing Maven projects] INFO  o.e.m.j.i.AbstractJavaProjectConfigurator - Adding resource folder /H-JPA-SPRING-DATA/src/main/resources
2020-01-14 20:07:34,509 [Worker-8: Importing Maven projects] INFO  o.e.m.j.i.AbstractJavaProjectConfigurator - Adding resource folder /H-JPA-SPRING-DATA/src/main/resources
2020-01-14 20:07:34,510 [Worker-8: Importing Maven projects] INFO  o.e.m.j.i.AbstractJavaProjectConfigurator - Adding source folder /H-JPA-SPRING-DATA/src/test/java
2020-01-14 20:07:35,677 [Worker-8: Importing Maven projects] INFO  o.e.m.c.i.p.ProjectConfigurationManager - Imported and configured 1 project(s) in 15 sec
2020-01-14 20:08:21,507 [Worker-3: Building workspace] INFO  o.e.m.c.i.embedder.EclipseLogger - Using 'UTF-8' encoding to copy filtered resources.
2020-01-14 20:08:21,518 [Worker-3: Building workspace] INFO  o.e.m.c.i.embedder.EclipseLogger - Copying 1 resource
2020-01-14 20:08:21,542 [Worker-3: Building workspace] INFO  o.e.m.c.i.embedder.EclipseLogger - Copying 1 resource
2020-01-14 20:08:21,554 [Worker-3: Building workspace] INFO  o.e.m.c.i.embedder.EclipseLogger - Using 'UTF-8' encoding to copy filtered resources.
2020-01-14 20:08:21,554 [Worker-3: Building workspace] INFO  o.e.m.c.i.embedder.EclipseLogger - skip non existing resourceDirectory C:\work-space-hibernate-jpa-spring-data\H-JPA-SPRING-DATA\src\test\resources
2020-01-14 20:10:27,221 [Worker-11: Building workspace] INFO  o.e.m.c.i.embedder.EclipseLogger - Using 'UTF-8' encoding to copy filtered resources.
2020-01-14 20:10:27,225 [Worker-11: Building workspace] INFO  o.e.m.c.i.embedder.EclipseLogger - Copying 1 resource
2020-01-14 20:10:27,229 [Worker-11: Building workspace] INFO  o.e.m.c.i.embedder.EclipseLogger - Copying 1 resource
2020-01-14 20:10:27,232 [Worker-11: Building workspace] INFO  o.e.m.c.i.embedder.EclipseLogger - Using 'UTF-8' encoding to copy filtered resources.
2020-01-14 20:10:27,233 [Worker-11: Building workspace] INFO  o.e.m.c.i.embedder.EclipseLogger - skip non existing resourceDirectory C:\work-space-hibernate-jpa-spring-data\H-JPA-SPRING-DATA\src\test\resources
2020-01-14 20:10:35,573 [Worker-4: Building workspace] INFO  o.e.m.c.i.embedder.EclipseLogger - Using 'UTF-8' encoding to copy filtered resources.
2020-01-14 20:10:35,575 [Worker-4: Building workspace] INFO  o.e.m.c.i.embedder.EclipseLogger - Copying 1 resource
2020-01-14 20:10:35,578 [Worker-4: Building workspace] INFO  o.e.m.c.i.embedder.EclipseLogger - Copying 1 resource
2020-01-14 20:10:35,584 [Worker-4: Building workspace] INFO  o.e.m.c.i.embedder.EclipseLogger - Using 'UTF-8' encoding to copy filtered resources.
2020-01-14 20:10:35,584 [Worker-4: Building workspace] INFO  o.e.m.c.i.embedder.EclipseLogger - skip non existing resourceDirectory C:\work-space-hibernate-jpa-spring-data\H-JPA-SPRING-DATA\src\test\resources
2020-01-14 20:12:43,152 [Worker-11: Building workspace] INFO  o.e.m.c.i.embedder.EclipseLogger - Using 'UTF-8' encoding to copy filtered resources.
2020-01-14 20:12:43,153 [Worker-11: Building workspace] INFO  o.e.m.c.i.embedder.EclipseLogger - Copying 1 resource
2020-01-14 20:12:43,155 [Worker-11: Building workspace] INFO  o.e.m.c.i.embedder.EclipseLogger - Copying 1 resource
2020-01-14 20:12:43,186 [Worker-11: Building workspace] INFO  o.e.m.c.i.embedder.EclipseLogger - Using 'UTF-8' encoding to copy filtered resources.
2020-01-14 20:12:43,187 [Worker-11: Building workspace] INFO  o.e.m.c.i.embedder.EclipseLogger - skip non existing resourceDirectory C:\work-space-hibernate-jpa-spring-data\H-JPA-SPRING-DATA\src\test\resources
2020-01-14 20:18:39,138 [Worker-15: Building workspace] INFO  o.e.m.c.i.l.LifecycleMappingFactory - Using org.eclipse.m2e.jdt.JarLifecycleMapping lifecycle mapping for MavenProject: com.sid:caatalogue:0.0.1-SNAPSHOT @ C:\work-space-hibernate-jpa-spring-data\H-JPA-SPRING-DATA\pom.xml.
2020-01-14 20:18:46,630 [Worker-15: Building workspace] INFO  o.e.m.c.i.e.AbstractTransferListenerAdapter - Downloading https://repo.maven.apache.org/maven2/org/springframework/data/spring-data-jpa/1.0.0.RELEASE/spring-data-jpa-1.0.0.RELEASE.pom
2020-01-14 20:18:46,686 [Worker-15: Building workspace] INFO  o.e.m.c.i.e.AbstractTransferListenerAdapter - Downloaded https://repo.maven.apache.org/maven2/org/springframework/data/spring-data-jpa/1.0.0.RELEASE/spring-data-jpa-1.0.0.RELEASE.pom
2020-01-14 20:18:46,721 [Worker-15: Building workspace] INFO  o.e.m.c.i.e.AbstractTransferListenerAdapter - Downloading https://repo.maven.apache.org/maven2/org/springframework/data/spring-data-commons-core/1.1.0.RELEASE/spring-data-commons-core-1.1.0.RELEASE.pom
2020-01-14 20:18:46,745 [Worker-15: Building workspace] INFO  o.e.m.c.i.e.AbstractTransferListenerAdapter - Downloaded https://repo.maven.apache.org/maven2/org/springframework/data/spring-data-commons-core/1.1.0.RELEASE/spring-data-commons-core-1.1.0.RELEASE.pom
2020-01-14 20:18:46,770 [Worker-15: Building workspace] INFO  o.e.m.c.i.e.AbstractTransferListenerAdapter - Downloading https://repo.maven.apache.org/maven2/org/springframework/data/spring-data-commons-parent/1.1.0.RELEASE/spring-data-commons-parent-1.1.0.RELEASE.pom
2020-01-14 20:18:46,802 [Worker-15: Building workspace] INFO  o.e.m.c.i.e.AbstractTransferListenerAdapter - Downloaded https://repo.maven.apache.org/maven2/org/springframework/data/spring-data-commons-parent/1.1.0.RELEASE/spring-data-commons-parent-1.1.0.RELEASE.pom
2020-01-14 20:18:46,834 [Worker-15: Building workspace] INFO  o.e.m.c.i.e.AbstractTransferListenerAdapter - Downloading https://repo.maven.apache.org/maven2/org/slf4j/jcl-over-slf4j/1.7.29/jcl-over-slf4j-1.7.29.pom
2020-01-14 20:18:46,897 [Worker-15: Building workspace] INFO  o.e.m.c.i.e.AbstractTransferListenerAdapter - Downloaded https://repo.maven.apache.org/maven2/org/slf4j/jcl-over-slf4j/1.7.29/jcl-over-slf4j-1.7.29.pom
2020-01-14 20:18:47,001 [Worker-15: Building workspace] INFO  o.e.m.c.i.e.AbstractTransferListenerAdapter - Downloading https://repo.maven.apache.org/maven2/org/aspectj/aspectjrt/1.9.5/aspectjrt-1.9.5.pom
2020-01-14 20:18:47,034 [Worker-15: Building workspace] INFO  o.e.m.c.i.e.AbstractTransferListenerAdapter - Downloaded https://repo.maven.apache.org/maven2/org/aspectj/aspectjrt/1.9.5/aspectjrt-1.9.5.pom
2020-01-14 20:18:49,871 [Worker-15: Building workspace] INFO  o.e.m.c.i.e.AbstractTransferListenerAdapter - Downloading https://repo.maven.apache.org/maven2/org/springframework/data/spring-data-jpa/1.0.0.RELEASE/spring-data-jpa-1.0.0.RELEASE.jar
2020-01-14 20:18:49,955 [Worker-15: Building workspace] INFO  o.e.m.c.i.e.AbstractTransferListenerAdapter - Downloaded https://repo.maven.apache.org/maven2/org/springframework/data/spring-data-jpa/1.0.0.RELEASE/spring-data-jpa-1.0.0.RELEASE.jar
2020-01-14 20:18:49,985 [Worker-15: Building workspace] INFO  o.e.m.c.i.e.AbstractTransferListenerAdapter - Downloading https://repo.maven.apache.org/maven2/org/springframework/data/spring-data-commons-core/1.1.0.RELEASE/spring-data-commons-core-1.1.0.RELEASE.jar
2020-01-14 20:18:50,121 [Worker-15: Building workspace] INFO  o.e.m.c.i.e.AbstractTransferListenerAdapter - Downloaded https://repo.maven.apache.org/maven2/org/springframework/data/spring-data-commons-core/1.1.0.RELEASE/spring-data-commons-core-1.1.0.RELEASE.jar
2020-01-14 20:18:50,148 [Worker-15: Building workspace] INFO  o.e.m.c.i.e.AbstractTransferListenerAdapter - Downloading https://repo.maven.apache.org/maven2/org/slf4j/jcl-over-slf4j/1.7.29/jcl-over-slf4j-1.7.29.jar
2020-01-14 20:18:50,205 [Worker-15: Building workspace] INFO  o.e.m.c.i.e.AbstractTransferListenerAdapter - Downloaded https://repo.maven.apache.org/maven2/org/slf4j/jcl-over-slf4j/1.7.29/jcl-over-slf4j-1.7.29.jar
2020-01-14 20:18:50,227 [Worker-15: Building workspace] INFO  o.e.m.c.i.e.AbstractTransferListenerAdapter - Downloading https://repo.maven.apache.org/maven2/org/aspectj/aspectjrt/1.9.5/aspectjrt-1.9.5.jar
2020-01-14 20:18:50,282 [Worker-15: Building workspace] INFO  o.e.m.c.i.e.AbstractTransferListenerAdapter - Downloaded https://repo.maven.apache.org/maven2/org/aspectj/aspectjrt/1.9.5/aspectjrt-1.9.5.jar
2020-01-14 20:18:54,424 [Worker-2: Download sources and javadoc] INFO  o.e.m.c.i.e.AbstractTransferListenerAdapter - Downloading https://repo.maven.apache.org/maven2/org/springframework/data/spring-data-jpa/1.0.0.RELEASE/spring-data-jpa-1.0.0.RELEASE-sources.jar
2020-01-14 20:18:54,515 [Worker-2: Download sources and javadoc] INFO  o.e.m.c.i.e.AbstractTransferListenerAdapter - Downloaded https://repo.maven.apache.org/maven2/org/springframework/data/spring-data-jpa/1.0.0.RELEASE/spring-data-jpa-1.0.0.RELEASE-sources.jar
2020-01-14 20:18:54,933 [Worker-2: Download sources and javadoc] INFO  o.e.m.j.internal.DownloadSourcesJob - Downloaded sources for org.springframework.data:spring-data-jpa:1.0.0.RELEASE
2020-01-14 20:18:55,119 [Worker-2: Download sources and javadoc] INFO  o.e.m.c.i.e.AbstractTransferListenerAdapter - Downloading https://repo.maven.apache.org/maven2/org/springframework/data/spring-data-commons-core/1.1.0.RELEASE/spring-data-commons-core-1.1.0.RELEASE-sources.jar
2020-01-14 20:18:55,300 [Worker-2: Download sources and javadoc] INFO  o.e.m.c.i.e.AbstractTransferListenerAdapter - Downloaded https://repo.maven.apache.org/maven2/org/springframework/data/spring-data-commons-core/1.1.0.RELEASE/spring-data-commons-core-1.1.0.RELEASE-sources.jar
2020-01-14 20:18:55,574 [Worker-2: Download sources and javadoc] INFO  o.e.m.j.internal.DownloadSourcesJob - Downloaded sources for org.springframework.data:spring-data-commons-core:1.1.0.RELEASE
2020-01-14 20:18:55,686 [Worker-15: Building workspace] INFO  o.e.m.c.i.embedder.EclipseLogger - Using 'UTF-8' encoding to copy filtered resources.
2020-01-14 20:18:55,690 [Worker-15: Building workspace] INFO  o.e.m.c.i.embedder.EclipseLogger - Copying 0 resource
2020-01-14 20:18:55,691 [Worker-15: Building workspace] INFO  o.e.m.c.i.embedder.EclipseLogger - Copying 0 resource
2020-01-14 20:18:55,696 [Worker-15: Building workspace] INFO  o.e.m.c.i.embedder.EclipseLogger - Using 'UTF-8' encoding to copy filtered resources.
2020-01-14 20:18:55,696 [Worker-15: Building workspace] INFO  o.e.m.c.i.embedder.EclipseLogger - skip non existing resourceDirectory C:\work-space-hibernate-jpa-spring-data\H-JPA-SPRING-DATA\src\test\resources
2020-01-14 20:18:55,718 [Worker-2: Download sources and javadoc] INFO  o.e.m.c.i.e.AbstractTransferListenerAdapter - Downloading https://repo.maven.apache.org/maven2/org/slf4j/jcl-over-slf4j/1.7.29/jcl-over-slf4j-1.7.29-sources.jar
2020-01-14 20:18:55,763 [Worker-2: Download sources and javadoc] INFO  o.e.m.c.i.e.AbstractTransferListenerAdapter - Downloaded https://repo.maven.apache.org/maven2/org/slf4j/jcl-over-slf4j/1.7.29/jcl-over-slf4j-1.7.29-sources.jar
2020-01-14 20:18:55,899 [Worker-2: Download sources and javadoc] INFO  o.e.m.j.internal.DownloadSourcesJob - Downloaded sources for org.slf4j:jcl-over-slf4j:1.7.29
2020-01-14 20:18:56,047 [Worker-2: Download sources and javadoc] INFO  o.e.m.c.i.e.AbstractTransferListenerAdapter - Downloading https://repo.maven.apache.org/maven2/org/aspectj/aspectjrt/1.9.5/aspectjrt-1.9.5-sources.jar
2020-01-14 20:18:56,170 [Worker-2: Download sources and javadoc] INFO  o.e.m.c.i.e.AbstractTransferListenerAdapter - Downloaded https://repo.maven.apache.org/maven2/org/aspectj/aspectjrt/1.9.5/aspectjrt-1.9.5-sources.jar
2020-01-14 20:18:56,833 [Worker-2: Download sources and javadoc] INFO  o.e.m.j.internal.DownloadSourcesJob - Downloaded sources for org.aspectj:aspectjrt:1.9.5
2020-01-14 20:19:01,587 [Worker-11: Building workspace] INFO  o.e.m.c.i.embedder.EclipseLogger - Using 'UTF-8' encoding to copy filtered resources.
2020-01-14 20:19:01,590 [Worker-11: Building workspace] INFO  o.e.m.c.i.embedder.EclipseLogger - Copying 1 resource
2020-01-14 20:19:01,633 [Worker-11: Building workspace] INFO  o.e.m.c.i.embedder.EclipseLogger - Copying 1 resource
2020-01-14 20:19:01,643 [Worker-11: Building workspace] INFO  o.e.m.c.i.embedder.EclipseLogger - Using 'UTF-8' encoding to copy filtered resources.
2020-01-14 20:19:01,643 [Worker-11: Building workspace] INFO  o.e.m.c.i.embedder.EclipseLogger - skip non existing resourceDirectory C:\work-space-hibernate-jpa-spring-data\H-JPA-SPRING-DATA\src\test\resources
2020-01-14 20:19:10,623 [Worker-16: Building workspace] INFO  o.e.m.c.i.l.LifecycleMappingFactory - Using org.eclipse.m2e.jdt.JarLifecycleMapping lifecycle mapping for MavenProject: com.sid:caatalogue:0.0.1-SNAPSHOT @ C:\work-space-hibernate-jpa-spring-data\H-JPA-SPRING-DATA\pom.xml.
2020-01-14 20:19:11,474 [Worker-16: Building workspace] INFO  o.e.m.c.i.embedder.EclipseLogger - Using 'UTF-8' encoding to copy filtered resources.
2020-01-14 20:19:11,478 [Worker-16: Building workspace] INFO  o.e.m.c.i.embedder.EclipseLogger - Copying 0 resource
2020-01-14 20:19:11,478 [Worker-16: Building workspace] INFO  o.e.m.c.i.embedder.EclipseLogger - Copying 0 resource
2020-01-14 20:19:11,481 [Worker-16: Building workspace] INFO  o.e.m.c.i.embedder.EclipseLogger - Using 'UTF-8' encoding to copy filtered resources.
2020-01-14 20:19:11,481 [Worker-16: Building workspace] INFO  o.e.m.c.i.embedder.EclipseLogger - skip non existing resourceDirectory C:\work-space-hibernate-jpa-spring-data\H-JPA-SPRING-DATA\src\test\resources
2020-01-14 20:19:14,368 [Worker-11: Building workspace] INFO  o.e.m.c.i.embedder.EclipseLogger - Using 'UTF-8' encoding to copy filtered resources.
2020-01-14 20:19:14,368 [Worker-11: Building workspace] INFO  o.e.m.c.i.embedder.EclipseLogger - Copying 1 resource
2020-01-14 20:19:14,384 [Worker-11: Building workspace] INFO  o.e.m.c.i.embedder.EclipseLogger - Copying 1 resource
2020-01-14 20:19:14,392 [Worker-11: Building workspace] INFO  o.e.m.c.i.embedder.EclipseLogger - Using 'UTF-8' encoding to copy filtered resources.
2020-01-14 20:19:14,392 [Worker-11: Building workspace] INFO  o.e.m.c.i.embedder.EclipseLogger - skip non existing resourceDirectory C:\work-space-hibernate-jpa-spring-data\H-JPA-SPRING-DATA\src\test\resources
2020-01-14 20:24:29,724 [Worker-3: Loading available Gradle versions] INFO  o.e.b.c.i.u.g.PublishedGradleVersions - Gradle version information cache is up-to-date. Trying to read.
2020-01-14 20:25:12,076 [Worker-10: Building workspace] INFO  o.e.m.c.i.l.LifecycleMappingFactory - Using org.eclipse.m2e.jdt.JarLifecycleMapping lifecycle mapping for MavenProject: com.sid:caatalogue:0.0.1-SNAPSHOT @ C:\work-space-hibernate-jpa-spring-data\H-JPA-SPRING-DATA\pom.xml.
2020-01-14 20:25:18,921 [Worker-10: Building workspace] INFO  o.e.m.c.i.embedder.EclipseLogger - Using 'UTF-8' encoding to copy filtered resources.
2020-01-14 20:25:18,928 [Worker-10: Building workspace] INFO  o.e.m.c.i.embedder.EclipseLogger - Copying 1 resource
2020-01-14 20:25:18,952 [Worker-10: Building workspace] INFO  o.e.m.c.i.embedder.EclipseLogger - Copying 1 resource
2020-01-14 20:25:19,047 [Worker-10: Building workspace] INFO  o.e.m.c.i.embedder.EclipseLogger - Using 'UTF-8' encoding to copy filtered resources.
2020-01-14 20:25:19,047 [Worker-10: Building workspace] INFO  o.e.m.c.i.embedder.EclipseLogger - skip non existing resourceDirectory C:\work-space-hibernate-jpa-spring-data\H-JPA-SPRING-DATA\src\test\resources
2020-01-14 20:31:49,845 [Worker-8: Building workspace] INFO  o.e.m.c.i.l.LifecycleMappingFactory - Using org.eclipse.m2e.jdt.JarLifecycleMapping lifecycle mapping for MavenProject: com.sid:caatalogue:0.0.1-SNAPSHOT @ C:\work-space-hibernate-jpa-spring-data\H-JPA-SPRING-DATA\pom.xml.
2020-01-14 20:31:50,997 [Worker-8: Building workspace] INFO  o.e.m.c.i.embedder.EclipseLogger - Using 'UTF-8' encoding to copy filtered resources.
2020-01-14 20:31:51,015 [Worker-8: Building workspace] INFO  o.e.m.c.i.embedder.EclipseLogger - Copying 1 resource
2020-01-14 20:31:51,027 [Worker-8: Building workspace] INFO  o.e.m.c.i.embedder.EclipseLogger - Copying 1 resource
2020-01-14 20:31:51,031 [Worker-8: Building workspace] INFO  o.e.m.c.i.embedder.EclipseLogger - Using 'UTF-8' encoding to copy filtered resources.
2020-01-14 20:31:51,031 [Worker-8: Building workspace] INFO  o.e.m.c.i.embedder.EclipseLogger - skip non existing resourceDirectory C:\work-space-hibernate-jpa-spring-data\H-JPA-SPRING-DATA\src\test\resources
2020-01-14 20:32:35,845 [Worker-14: Building workspace] INFO  o.e.m.c.i.embedder.EclipseLogger - Using 'UTF-8' encoding to copy filtered resources.
2020-01-14 20:32:35,845 [Worker-14: Building workspace] INFO  o.e.m.c.i.embedder.EclipseLogger - Copying 0 resource
2020-01-14 20:32:35,845 [Worker-14: Building workspace] INFO  o.e.m.c.i.embedder.EclipseLogger - Copying 0 resource
2020-01-14 20:32:35,848 [Worker-14: Building workspace] INFO  o.e.m.c.i.embedder.EclipseLogger - Using 'UTF-8' encoding to copy filtered resources.
2020-01-14 20:32:35,849 [Worker-14: Building workspace] INFO  o.e.m.c.i.embedder.EclipseLogger - skip non existing resourceDirectory C:\work-space-hibernate-jpa-spring-data\H-JPA-SPRING-DATA\src\test\resources
2020-01-14 20:35:57,302 [Worker-18: Building workspace] INFO  o.e.m.c.i.embedder.EclipseLogger - Using 'UTF-8' encoding to copy filtered resources.
2020-01-14 20:35:57,304 [Worker-18: Building workspace] INFO  o.e.m.c.i.embedder.EclipseLogger - Copying 1 resource
2020-01-14 20:35:57,307 [Worker-18: Building workspace] INFO  o.e.m.c.i.embedder.EclipseLogger - Copying 1 resource
2020-01-14 20:35:57,312 [Worker-18: Building workspace] INFO  o.e.m.c.i.embedder.EclipseLogger - Using 'UTF-8' encoding to copy filtered resources.
2020-01-14 20:35:57,312 [Worker-18: Building workspace] INFO  o.e.m.c.i.embedder.EclipseLogger - skip non existing resourceDirectory C:\work-space-hibernate-jpa-spring-data\H-JPA-SPRING-DATA\src\test\resources
2020-01-14 20:39:09,365 [Worker-8: Building workspace] INFO  o.e.m.c.i.embedder.EclipseLogger - Using 'UTF-8' encoding to copy filtered resources.
2020-01-14 20:39:09,366 [Worker-8: Building workspace] INFO  o.e.m.c.i.embedder.EclipseLogger - Copying 1 resource
2020-01-14 20:39:09,369 [Worker-8: Building workspace] INFO  o.e.m.c.i.embedder.EclipseLogger - Copying 1 resource
2020-01-14 20:39:09,373 [Worker-8: Building workspace] INFO  o.e.m.c.i.embedder.EclipseLogger - Using 'UTF-8' encoding to copy filtered resources.
2020-01-14 20:39:09,374 [Worker-8: Building workspace] INFO  o.e.m.c.i.embedder.EclipseLogger - skip non existing resourceDirectory C:\work-space-hibernate-jpa-spring-data\H-JPA-SPRING-DATA\src\test\resources
2020-01-14 20:45:34,278 [Worker-21: Building workspace] INFO  o.e.m.c.i.embedder.EclipseLogger - Using 'UTF-8' encoding to copy filtered resources.
2020-01-14 20:45:34,280 [Worker-21: Building workspace] INFO  o.e.m.c.i.embedder.EclipseLogger - Copying 1 resource
2020-01-14 20:45:34,282 [Worker-21: Building workspace] INFO  o.e.m.c.i.embedder.EclipseLogger - Copying 1 resource
2020-01-14 20:45:34,286 [Worker-21: Building workspace] INFO  o.e.m.c.i.embedder.EclipseLogger - Using 'UTF-8' encoding to copy filtered resources.
2020-01-14 20:45:34,286 [Worker-21: Building workspace] INFO  o.e.m.c.i.embedder.EclipseLogger - skip non existing resourceDirectory C:\work-space-hibernate-jpa-spring-data\H-JPA-SPRING-DATA\src\test\resources
2020-01-14 20:49:09,164 [Worker-14: Building workspace] INFO  o.e.m.c.i.embedder.EclipseLogger - Using 'UTF-8' encoding to copy filtered resources.
2020-01-14 20:49:09,165 [Worker-14: Building workspace] INFO  o.e.m.c.i.embedder.EclipseLogger - Copying 1 resource
2020-01-14 20:49:09,167 [Worker-14: Building workspace] INFO  o.e.m.c.i.embedder.EclipseLogger - Copying 1 resource
2020-01-14 20:49:09,171 [Worker-14: Building workspace] INFO  o.e.m.c.i.embedder.EclipseLogger - Using 'UTF-8' encoding to copy filtered resources.
2020-01-14 20:49:09,172 [Worker-14: Building workspace] INFO  o.e.m.c.i.embedder.EclipseLogger - skip non existing resourceDirectory C:\work-space-hibernate-jpa-spring-data\H-JPA-SPRING-DATA\src\test\resources
2020-01-14 20:59:19,714 [Worker-14: Building workspace] INFO  o.e.m.c.i.embedder.EclipseLogger - Using 'UTF-8' encoding to copy filtered resources.
2020-01-14 20:59:19,716 [Worker-14: Building workspace] INFO  o.e.m.c.i.embedder.EclipseLogger - Copying 1 resource
2020-01-14 20:59:19,717 [Worker-14: Building workspace] INFO  o.e.m.c.i.embedder.EclipseLogger - Copying 1 resource
2020-01-14 20:59:19,722 [Worker-14: Building workspace] INFO  o.e.m.c.i.embedder.EclipseLogger - Using 'UTF-8' encoding to copy filtered resources.
2020-01-14 20:59:19,723 [Worker-14: Building workspace] INFO  o.e.m.c.i.embedder.EclipseLogger - skip non existing resourceDirectory C:\work-space-hibernate-jpa-spring-data\H-JPA-SPRING-DATA\src\test\resources
2020-01-14 21:03:36,888 [Worker-14: Building workspace] INFO  o.e.m.c.i.embedder.EclipseLogger - Using 'UTF-8' encoding to copy filtered resources.
2020-01-14 21:03:36,890 [Worker-14: Building workspace] INFO  o.e.m.c.i.embedder.EclipseLogger - Copying 1 resource
2020-01-14 21:03:36,894 [Worker-14: Building workspace] INFO  o.e.m.c.i.embedder.EclipseLogger - Copying 1 resource
2020-01-14 21:03:36,902 [Worker-14: Building workspace] INFO  o.e.m.c.i.embedder.EclipseLogger - Using 'UTF-8' encoding to copy filtered resources.
2020-01-14 21:03:36,903 [Worker-14: Building workspace] INFO  o.e.m.c.i.embedder.EclipseLogger - skip non existing resourceDirectory C:\work-space-hibernate-jpa-spring-data\H-JPA-SPRING-DATA\src\test\resources
2020-01-14 21:03:57,731 [Worker-14: Building workspace] INFO  o.e.m.c.i.embedder.EclipseLogger - Using 'UTF-8' encoding to copy filtered resources.
2020-01-14 21:03:57,733 [Worker-14: Building workspace] INFO  o.e.m.c.i.embedder.EclipseLogger - Copying 1 resource
2020-01-14 21:03:57,736 [Worker-14: Building workspace] INFO  o.e.m.c.i.embedder.EclipseLogger - Copying 1 resource
2020-01-14 21:03:57,741 [Worker-14: Building workspace] INFO  o.e.m.c.i.embedder.EclipseLogger - Using 'UTF-8' encoding to copy filtered resources.
2020-01-14 21:03:57,741 [Worker-14: Building workspace] INFO  o.e.m.c.i.embedder.EclipseLogger - skip non existing resourceDirectory C:\work-space-hibernate-jpa-spring-data\H-JPA-SPRING-DATA\src\test\resources
2020-01-14 21:13:23,994 [Worker-32: Building workspace] INFO  o.e.m.c.i.embedder.EclipseLogger - Using 'UTF-8' encoding to copy filtered resources.
2020-01-14 21:13:23,995 [Worker-32: Building workspace] INFO  o.e.m.c.i.embedder.EclipseLogger - Copying 1 resource
2020-01-14 21:13:23,997 [Worker-32: Building workspace] INFO  o.e.m.c.i.embedder.EclipseLogger - Copying 1 resource
2020-01-14 21:13:24,000 [Worker-32: Building workspace] INFO  o.e.m.c.i.embedder.EclipseLogger - Using 'UTF-8' encoding to copy filtered resources.
2020-01-14 21:13:24,001 [Worker-32: Building workspace] INFO  o.e.m.c.i.embedder.EclipseLogger - skip non existing resourceDirectory C:\work-space-hibernate-jpa-spring-data\H-JPA-SPRING-DATA\src\test\resources
2020-01-14 21:16:53,842 [Worker-35: Building workspace] INFO  o.e.m.c.i.embedder.EclipseLogger - Using 'UTF-8' encoding to copy filtered resources.
2020-01-14 21:16:53,844 [Worker-35: Building workspace] INFO  o.e.m.c.i.embedder.EclipseLogger - Copying 1 resource
2020-01-14 21:16:53,847 [Worker-35: Building workspace] INFO  o.e.m.c.i.embedder.EclipseLogger - Copying 1 resource
2020-01-14 21:16:53,857 [Worker-35: Building workspace] INFO  o.e.m.c.i.embedder.EclipseLogger - Using 'UTF-8' encoding to copy filtered resources.
2020-01-14 21:16:53,857 [Worker-35: Building workspace] INFO  o.e.m.c.i.embedder.EclipseLogger - skip non existing resourceDirectory C:\work-space-hibernate-jpa-spring-data\H-JPA-SPRING-DATA\src\test\resources
2020-01-14 21:17:38,257 [Worker-38: Building workspace] INFO  o.e.m.c.i.embedder.EclipseLogger - Using 'UTF-8' encoding to copy filtered resources.
2020-01-14 21:17:38,258 [Worker-38: Building workspace] INFO  o.e.m.c.i.embedder.EclipseLogger - Copying 1 resource
2020-01-14 21:17:38,260 [Worker-38: Building workspace] INFO  o.e.m.c.i.embedder.EclipseLogger - Copying 1 resource
2020-01-14 21:17:38,263 [Worker-38: Building workspace] INFO  o.e.m.c.i.embedder.EclipseLogger - Using 'UTF-8' encoding to copy filtered resources.
2020-01-14 21:17:38,263 [Worker-38: Building workspace] INFO  o.e.m.c.i.embedder.EclipseLogger - skip non existing resourceDirectory C:\work-space-hibernate-jpa-spring-data\H-JPA-SPRING-DATA\src\test\resources
2020-01-14 21:19:46,122 [Worker-38: Building workspace] INFO  o.e.m.c.i.embedder.EclipseLogger - Using 'UTF-8' encoding to copy filtered resources.
2020-01-14 21:19:46,123 [Worker-38: Building workspace] INFO  o.e.m.c.i.embedder.EclipseLogger - Copying 1 resource
2020-01-14 21:19:46,125 [Worker-38: Building workspace] INFO  o.e.m.c.i.embedder.EclipseLogger - Copying 1 resource
2020-01-14 21:19:46,128 [Worker-38: Building workspace] INFO  o.e.m.c.i.embedder.EclipseLogger - Using 'UTF-8' encoding to copy filtered resources.
2020-01-14 21:19:46,128 [Worker-38: Building workspace] INFO  o.e.m.c.i.embedder.EclipseLogger - skip non existing resourceDirectory C:\work-space-hibernate-jpa-spring-data\H-JPA-SPRING-DATA\src\test\resources
2020-01-14 21:21:42,235 [Worker-39: Building workspace] INFO  o.e.m.c.i.embedder.EclipseLogger - Using 'UTF-8' encoding to copy filtered resources.
2020-01-14 21:21:42,236 [Worker-39: Building workspace] INFO  o.e.m.c.i.embedder.EclipseLogger - Copying 1 resource
2020-01-14 21:21:42,238 [Worker-39: Building workspace] INFO  o.e.m.c.i.embedder.EclipseLogger - Copying 1 resource
2020-01-14 21:21:42,241 [Worker-39: Building workspace] INFO  o.e.m.c.i.embedder.EclipseLogger - Using 'UTF-8' encoding to copy filtered resources.
2020-01-14 21:21:42,242 [Worker-39: Building workspace] INFO  o.e.m.c.i.embedder.EclipseLogger - skip non existing resourceDirectory C:\work-space-hibernate-jpa-spring-data\H-JPA-SPRING-DATA\src\test\resources
2020-01-14 21:22:56,658 [Worker-36: Building workspace] INFO  o.e.m.c.i.embedder.EclipseLogger - Using 'UTF-8' encoding to copy filtered resources.
2020-01-14 21:22:56,659 [Worker-36: Building workspace] INFO  o.e.m.c.i.embedder.EclipseLogger - Copying 1 resource
2020-01-14 21:22:56,661 [Worker-36: Building workspace] INFO  o.e.m.c.i.embedder.EclipseLogger - Copying 1 resource
2020-01-14 21:22:56,665 [Worker-36: Building workspace] INFO  o.e.m.c.i.embedder.EclipseLogger - Using 'UTF-8' encoding to copy filtered resources.
2020-01-14 21:22:56,665 [Worker-36: Building workspace] INFO  o.e.m.c.i.embedder.EclipseLogger - skip non existing resourceDirectory C:\work-space-hibernate-jpa-spring-data\H-JPA-SPRING-DATA\src\test\resources
2020-01-14 21:27:03,568 [Worker-46: Building workspace] INFO  o.e.m.c.i.embedder.EclipseLogger - Using 'UTF-8' encoding to copy filtered resources.
2020-01-14 21:27:03,570 [Worker-46: Building workspace] INFO  o.e.m.c.i.embedder.EclipseLogger - Copying 1 resource
2020-01-14 21:27:03,573 [Worker-46: Building workspace] INFO  o.e.m.c.i.embedder.EclipseLogger - Copying 1 resource
2020-01-14 21:27:03,582 [Worker-46: Building workspace] INFO  o.e.m.c.i.embedder.EclipseLogger - Using 'UTF-8' encoding to copy filtered resources.
2020-01-14 21:27:03,583 [Worker-46: Building workspace] INFO  o.e.m.c.i.embedder.EclipseLogger - skip non existing resourceDirectory C:\work-space-hibernate-jpa-spring-data\H-JPA-SPRING-DATA\src\test\resources
2020-01-14 21:28:16,292 [Worker-42: Building workspace] INFO  o.e.m.c.i.embedder.EclipseLogger - Using 'UTF-8' encoding to copy filtered resources.
2020-01-14 21:28:16,293 [Worker-42: Building workspace] INFO  o.e.m.c.i.embedder.EclipseLogger - Copying 1 resource
2020-01-14 21:28:16,295 [Worker-42: Building workspace] INFO  o.e.m.c.i.embedder.EclipseLogger - Copying 1 resource
2020-01-14 21:28:16,299 [Worker-42: Building workspace] INFO  o.e.m.c.i.embedder.EclipseLogger - Using 'UTF-8' encoding to copy filtered resources.
2020-01-14 21:28:16,299 [Worker-42: Building workspace] INFO  o.e.m.c.i.embedder.EclipseLogger - skip non existing resourceDirectory C:\work-space-hibernate-jpa-spring-data\H-JPA-SPRING-DATA\src\test\resources
2020-01-14 21:35:18,568 [Worker-52: Building workspace] INFO  o.e.m.c.i.embedder.EclipseLogger - Using 'UTF-8' encoding to copy filtered resources.
2020-01-14 21:35:18,570 [Worker-52: Building workspace] INFO  o.e.m.c.i.embedder.EclipseLogger - Copying 1 resource
2020-01-14 21:35:18,573 [Worker-52: Building workspace] INFO  o.e.m.c.i.embedder.EclipseLogger - Copying 1 resource
2020-01-14 21:35:18,578 [Worker-52: Building workspace] INFO  o.e.m.c.i.embedder.EclipseLogger - Using 'UTF-8' encoding to copy filtered resources.
2020-01-14 21:35:18,579 [Worker-52: Building workspace] INFO  o.e.m.c.i.embedder.EclipseLogger - skip non existing resourceDirectory C:\work-space-hibernate-jpa-spring-data\H-JPA-SPRING-DATA\src\test\resources
2020-01-14 21:37:32,841 [Worker-53: Building workspace] INFO  o.e.m.c.i.embedder.EclipseLogger - Using 'UTF-8' encoding to copy filtered resources.
2020-01-14 21:37:32,842 [Worker-53: Building workspace] INFO  o.e.m.c.i.embedder.EclipseLogger - Copying 1 resource
2020-01-14 21:37:32,857 [Worker-53: Building workspace] INFO  o.e.m.c.i.embedder.EclipseLogger - Copying 1 resource
2020-01-14 21:37:32,863 [Worker-53: Building workspace] INFO  o.e.m.c.i.embedder.EclipseLogger - Using 'UTF-8' encoding to copy filtered resources.
2020-01-14 21:37:32,864 [Worker-53: Building workspace] INFO  o.e.m.c.i.embedder.EclipseLogger - skip non existing resourceDirectory C:\work-space-hibernate-jpa-spring-data\H-JPA-SPRING-DATA\src\test\resources
2020-01-14 21:39:07,900 [Worker-53: Building workspace] INFO  o.e.m.c.i.embedder.EclipseLogger - Using 'UTF-8' encoding to copy filtered resources.
2020-01-14 21:39:07,902 [Worker-53: Building workspace] INFO  o.e.m.c.i.embedder.EclipseLogger - Copying 1 resource
2020-01-14 21:39:07,905 [Worker-53: Building workspace] INFO  o.e.m.c.i.embedder.EclipseLogger - Copying 1 resource
2020-01-14 21:39:07,932 [Worker-53: Building workspace] INFO  o.e.m.c.i.embedder.EclipseLogger - Using 'UTF-8' encoding to copy filtered resources.
2020-01-14 21:39:07,933 [Worker-53: Building workspace] INFO  o.e.m.c.i.embedder.EclipseLogger - skip non existing resourceDirectory C:\work-space-hibernate-jpa-spring-data\H-JPA-SPRING-DATA\src\test\resources
2020-01-14 21:40:48,303 [Worker-53: Building workspace] INFO  o.e.m.c.i.embedder.EclipseLogger - Using 'UTF-8' encoding to copy filtered resources.
2020-01-14 21:40:48,304 [Worker-53: Building workspace] INFO  o.e.m.c.i.embedder.EclipseLogger - Copying 1 resource
2020-01-14 21:40:48,306 [Worker-53: Building workspace] INFO  o.e.m.c.i.embedder.EclipseLogger - Copying 1 resource
2020-01-14 21:40:48,321 [Worker-53: Building workspace] INFO  o.e.m.c.i.embedder.EclipseLogger - Using 'UTF-8' encoding to copy filtered resources.
2020-01-14 21:40:48,322 [Worker-53: Building workspace] INFO  o.e.m.c.i.embedder.EclipseLogger - skip non existing resourceDirectory C:\work-space-hibernate-jpa-spring-data\H-JPA-SPRING-DATA\src\test\resources
2020-01-14 21:41:10,287 [Worker-58: Building workspace] INFO  o.e.m.c.i.embedder.EclipseLogger - Using 'UTF-8' encoding to copy filtered resources.
2020-01-14 21:41:10,289 [Worker-58: Building workspace] INFO  o.e.m.c.i.embedder.EclipseLogger - Copying 1 resource
2020-01-14 21:41:10,290 [Worker-58: Building workspace] INFO  o.e.m.c.i.embedder.EclipseLogger - Copying 1 resource
2020-01-14 21:41:10,293 [Worker-58: Building workspace] INFO  o.e.m.c.i.embedder.EclipseLogger - Using 'UTF-8' encoding to copy filtered resources.
2020-01-14 21:41:10,293 [Worker-58: Building workspace] INFO  o.e.m.c.i.embedder.EclipseLogger - skip non existing resourceDirectory C:\work-space-hibernate-jpa-spring-data\H-JPA-SPRING-DATA\src\test\resources
2020-01-14 21:42:23,668 [Worker-57: Building workspace] INFO  o.e.m.c.i.embedder.EclipseLogger - Using 'UTF-8' encoding to copy filtered resources.
2020-01-14 21:42:23,670 [Worker-57: Building workspace] INFO  o.e.m.c.i.embedder.EclipseLogger - Copying 1 resource
2020-01-14 21:42:23,672 [Worker-57: Building workspace] INFO  o.e.m.c.i.embedder.EclipseLogger - Copying 1 resource
2020-01-14 21:42:23,676 [Worker-57: Building workspace] INFO  o.e.m.c.i.embedder.EclipseLogger - Using 'UTF-8' encoding to copy filtered resources.
2020-01-14 21:42:23,676 [Worker-57: Building workspace] INFO  o.e.m.c.i.embedder.EclipseLogger - skip non existing resourceDirectory C:\work-space-hibernate-jpa-spring-data\H-JPA-SPRING-DATA\src\test\resources
2020-01-14 21:44:40,927 [Worker-58: Building workspace] INFO  o.e.m.c.i.embedder.EclipseLogger - Using 'UTF-8' encoding to copy filtered resources.
2020-01-14 21:44:40,929 [Worker-58: Building workspace] INFO  o.e.m.c.i.embedder.EclipseLogger - Copying 1 resource
2020-01-14 21:44:40,932 [Worker-58: Building workspace] INFO  o.e.m.c.i.embedder.EclipseLogger - Copying 1 resource
2020-01-14 21:44:40,936 [Worker-58: Building workspace] INFO  o.e.m.c.i.embedder.EclipseLogger - Using 'UTF-8' encoding to copy filtered resources.
2020-01-14 21:44:40,936 [Worker-58: Building workspace] INFO  o.e.m.c.i.embedder.EclipseLogger - skip non existing resourceDirectory C:\work-space-hibernate-jpa-spring-data\H-JPA-SPRING-DATA\src\test\resources
2020-01-14 21:49:07,317 [Worker-60: Building workspace] INFO  o.e.m.c.i.embedder.EclipseLogger - Using 'UTF-8' encoding to copy filtered resources.
2020-01-14 21:49:07,318 [Worker-60: Building workspace] INFO  o.e.m.c.i.embedder.EclipseLogger - Copying 1 resource
2020-01-14 21:49:07,320 [Worker-60: Building workspace] INFO  o.e.m.c.i.embedder.EclipseLogger - Copying 1 resource
2020-01-14 21:49:07,323 [Worker-60: Building workspace] INFO  o.e.m.c.i.embedder.EclipseLogger - Using 'UTF-8' encoding to copy filtered resources.
2020-01-14 21:49:07,323 [Worker-60: Building workspace] INFO  o.e.m.c.i.embedder.EclipseLogger - skip non existing resourceDirectory C:\work-space-hibernate-jpa-spring-data\H-JPA-SPRING-DATA\src\test\resources
2020-01-14 21:49:59,924 [Worker-60: Building workspace] INFO  o.e.m.c.i.embedder.EclipseLogger - Using 'UTF-8' encoding to copy filtered resources.
2020-01-14 21:49:59,925 [Worker-60: Building workspace] INFO  o.e.m.c.i.embedder.EclipseLogger - Copying 1 resource
2020-01-14 21:49:59,927 [Worker-60: Building workspace] INFO  o.e.m.c.i.embedder.EclipseLogger - Copying 1 resource
2020-01-14 21:49:59,931 [Worker-60: Building workspace] INFO  o.e.m.c.i.embedder.EclipseLogger - Using 'UTF-8' encoding to copy filtered resources.
2020-01-14 21:49:59,931 [Worker-60: Building workspace] INFO  o.e.m.c.i.embedder.EclipseLogger - skip non existing resourceDirectory C:\work-space-hibernate-jpa-spring-data\H-JPA-SPRING-DATA\src\test\resources
2020-01-14 21:51:26,612 [Worker-60: Building workspace] INFO  o.e.m.c.i.embedder.EclipseLogger - Using 'UTF-8' encoding to copy filtered resources.
2020-01-14 21:51:26,613 [Worker-60: Building workspace] INFO  o.e.m.c.i.embedder.EclipseLogger - Copying 1 resource
2020-01-14 21:51:26,616 [Worker-60: Building workspace] INFO  o.e.m.c.i.embedder.EclipseLogger - Copying 1 resource
2020-01-14 21:51:26,619 [Worker-60: Building workspace] INFO  o.e.m.c.i.embedder.EclipseLogger - Using 'UTF-8' encoding to copy filtered resources.
2020-01-14 21:51:26,619 [Worker-60: Building workspace] INFO  o.e.m.c.i.embedder.EclipseLogger - skip non existing resourceDirectory C:\work-space-hibernate-jpa-spring-data\H-JPA-SPRING-DATA\src\test\resources
2020-01-14 21:54:51,051 [Worker-64: Building workspace] INFO  o.e.m.c.i.embedder.EclipseLogger - Using 'UTF-8' encoding to copy filtered resources.
2020-01-14 21:54:51,052 [Worker-64: Building workspace] INFO  o.e.m.c.i.embedder.EclipseLogger - Copying 1 resource
2020-01-14 21:54:51,054 [Worker-64: Building workspace] INFO  o.e.m.c.i.embedder.EclipseLogger - Copying 1 resource
2020-01-14 21:54:51,057 [Worker-64: Building workspace] INFO  o.e.m.c.i.embedder.EclipseLogger - Using 'UTF-8' encoding to copy filtered resources.
2020-01-14 21:54:51,057 [Worker-64: Building workspace] INFO  o.e.m.c.i.embedder.EclipseLogger - skip non existing resourceDirectory C:\work-space-hibernate-jpa-spring-data\H-JPA-SPRING-DATA\src\test\resources
2020-01-14 21:54:57,810 [Worker-64: Building workspace] INFO  o.e.m.c.i.embedder.EclipseLogger - Using 'UTF-8' encoding to copy filtered resources.
2020-01-14 21:54:57,813 [Worker-64: Building workspace] INFO  o.e.m.c.i.embedder.EclipseLogger - Copying 1 resource
2020-01-14 21:54:57,816 [Worker-64: Building workspace] INFO  o.e.m.c.i.embedder.EclipseLogger - Copying 1 resource
2020-01-14 21:54:57,821 [Worker-64: Building workspace] INFO  o.e.m.c.i.embedder.EclipseLogger - Using 'UTF-8' encoding to copy filtered resources.
2020-01-14 21:54:57,822 [Worker-64: Building workspace] INFO  o.e.m.c.i.embedder.EclipseLogger - skip non existing resourceDirectory C:\work-space-hibernate-jpa-spring-data\H-JPA-SPRING-DATA\src\test\resources
2020-01-15 19:37:52,616 [Worker-3: Loading available Gradle versions] INFO  o.e.b.c.i.u.g.PublishedGradleVersions - Gradle version information cache is up-to-date. Trying to read.
2020-01-15 19:59:02,694 [Worker-17: Building workspace] INFO  o.e.m.c.i.embedder.EclipseLogger - Using 'UTF-8' encoding to copy filtered resources.
2020-01-15 19:59:02,702 [Worker-17: Building workspace] INFO  o.e.m.c.i.embedder.EclipseLogger - Copying 1 resource
2020-01-15 19:59:02,717 [Worker-17: Building workspace] INFO  o.e.m.c.i.embedder.EclipseLogger - Copying 1 resource
2020-01-15 19:59:02,809 [Worker-17: Building workspace] INFO  o.e.m.c.i.embedder.EclipseLogger - Using 'UTF-8' encoding to copy filtered resources.
2020-01-15 19:59:02,809 [Worker-17: Building workspace] INFO  o.e.m.c.i.embedder.EclipseLogger - skip non existing resourceDirectory C:\work-space-hibernate-jpa-spring-data\H-JPA-SPRING-DATA\src\test\resources
2020-01-15 20:01:37,206 [Worker-18: Building workspace] INFO  o.e.m.c.i.embedder.EclipseLogger - Using 'UTF-8' encoding to copy filtered resources.
2020-01-15 20:01:37,212 [Worker-18: Building workspace] INFO  o.e.m.c.i.embedder.EclipseLogger - Copying 1 resource
2020-01-15 20:01:37,215 [Worker-18: Building workspace] INFO  o.e.m.c.i.embedder.EclipseLogger - Copying 1 resource
2020-01-15 20:01:37,218 [Worker-18: Building workspace] INFO  o.e.m.c.i.embedder.EclipseLogger - Using 'UTF-8' encoding to copy filtered resources.
2020-01-15 20:01:37,218 [Worker-18: Building workspace] INFO  o.e.m.c.i.embedder.EclipseLogger - skip non existing resourceDirectory C:\work-space-hibernate-jpa-spring-data\H-JPA-SPRING-DATA\src\test\resources
2020-01-15 20:02:14,373 [Worker-19: Building workspace] INFO  o.e.m.c.i.embedder.EclipseLogger - Using 'UTF-8' encoding to copy filtered resources.
2020-01-15 20:02:14,374 [Worker-19: Building workspace] INFO  o.e.m.c.i.embedder.EclipseLogger - Copying 1 resource
2020-01-15 20:02:14,376 [Worker-19: Building workspace] INFO  o.e.m.c.i.embedder.EclipseLogger - Copying 1 resource
2020-01-15 20:02:14,380 [Worker-19: Building workspace] INFO  o.e.m.c.i.embedder.EclipseLogger - Using 'UTF-8' encoding to copy filtered resources.
2020-01-15 20:02:14,381 [Worker-19: Building workspace] INFO  o.e.m.c.i.embedder.EclipseLogger - skip non existing resourceDirectory C:\work-space-hibernate-jpa-spring-data\H-JPA-SPRING-DATA\src\test\resources
2020-01-15 20:02:22,040 [Worker-23: Building workspace] INFO  o.e.m.c.i.embedder.EclipseLogger - Using 'UTF-8' encoding to copy filtered resources.
2020-01-15 20:02:22,041 [Worker-23: Building workspace] INFO  o.e.m.c.i.embedder.EclipseLogger - Copying 1 resource
2020-01-15 20:02:22,043 [Worker-23: Building workspace] INFO  o.e.m.c.i.embedder.EclipseLogger - Copying 1 resource
2020-01-15 20:02:22,046 [Worker-23: Building workspace] INFO  o.e.m.c.i.embedder.EclipseLogger - Using 'UTF-8' encoding to copy filtered resources.
2020-01-15 20:02:22,046 [Worker-23: Building workspace] INFO  o.e.m.c.i.embedder.EclipseLogger - skip non existing resourceDirectory C:\work-space-hibernate-jpa-spring-data\H-JPA-SPRING-DATA\src\test\resources
2020-01-15 20:04:16,799 [Worker-18: Building workspace] INFO  o.e.m.c.i.embedder.EclipseLogger - Using 'UTF-8' encoding to copy filtered resources.
2020-01-15 20:04:16,800 [Worker-18: Building workspace] INFO  o.e.m.c.i.embedder.EclipseLogger - Copying 1 resource
2020-01-15 20:04:16,802 [Worker-18: Building workspace] INFO  o.e.m.c.i.embedder.EclipseLogger - Copying 1 resource
2020-01-15 20:04:16,806 [Worker-18: Building workspace] INFO  o.e.m.c.i.embedder.EclipseLogger - Using 'UTF-8' encoding to copy filtered resources.
2020-01-15 20:04:16,806 [Worker-18: Building workspace] INFO  o.e.m.c.i.embedder.EclipseLogger - skip non existing resourceDirectory C:\work-space-hibernate-jpa-spring-data\H-JPA-SPRING-DATA\src\test\resources
2020-01-15 20:30:36,234 [Worker-26: Building workspace] INFO  o.e.m.c.i.embedder.EclipseLogger - Using 'UTF-8' encoding to copy filtered resources.
2020-01-15 20:30:36,236 [Worker-26: Building workspace] INFO  o.e.m.c.i.embedder.EclipseLogger - Copying 0 resource
2020-01-15 20:30:36,237 [Worker-26: Building workspace] INFO  o.e.m.c.i.embedder.EclipseLogger - Copying 0 resource
2020-01-15 20:30:36,243 [Worker-26: Building workspace] INFO  o.e.m.c.i.embedder.EclipseLogger - Using 'UTF-8' encoding to copy filtered resources.
2020-01-15 20:30:36,244 [Worker-26: Building workspace] INFO  o.e.m.c.i.embedder.EclipseLogger - skip non existing resourceDirectory C:\work-space-hibernate-jpa-spring-data\H-JPA-SPRING-DATA\src\test\resources
2020-01-15 20:36:03,571 [Worker-29: Building workspace] INFO  o.e.m.c.i.embedder.EclipseLogger - Using 'UTF-8' encoding to copy filtered resources.
2020-01-15 20:36:03,572 [Worker-29: Building workspace] INFO  o.e.m.c.i.embedder.EclipseLogger - Copying 0 resource
2020-01-15 20:36:03,573 [Worker-29: Building workspace] INFO  o.e.m.c.i.embedder.EclipseLogger - Copying 0 resource
2020-01-15 20:36:03,577 [Worker-29: Building workspace] INFO  o.e.m.c.i.embedder.EclipseLogger - Using 'UTF-8' encoding to copy filtered resources.
2020-01-15 20:36:03,577 [Worker-29: Building workspace] INFO  o.e.m.c.i.embedder.EclipseLogger - skip non existing resourceDirectory C:\work-space-hibernate-jpa-spring-data\H-JPA-SPRING-DATA\src\test\resources
2020-01-15 20:50:22,627 [Worker-35: Building workspace] INFO  o.e.m.c.i.embedder.EclipseLogger - Using 'UTF-8' encoding to copy filtered resources.
2020-01-15 20:50:22,628 [Worker-35: Building workspace] INFO  o.e.m.c.i.embedder.EclipseLogger - Copying 0 resource
2020-01-15 20:50:22,628 [Worker-35: Building workspace] INFO  o.e.m.c.i.embedder.EclipseLogger - Copying 0 resource
2020-01-15 20:50:22,633 [Worker-35: Building workspace] INFO  o.e.m.c.i.embedder.EclipseLogger - Using 'UTF-8' encoding to copy filtered resources.
2020-01-15 20:50:22,633 [Worker-35: Building workspace] INFO  o.e.m.c.i.embedder.EclipseLogger - skip non existing resourceDirectory C:\work-space-hibernate-jpa-spring-data\H-JPA-SPRING-DATA\src\test\resources
2020-01-15 21:09:53,471 [Worker-26: Building workspace] INFO  o.e.m.c.i.embedder.EclipseLogger - Using 'UTF-8' encoding to copy filtered resources.
2020-01-15 21:09:53,471 [Worker-26: Building workspace] INFO  o.e.m.c.i.embedder.EclipseLogger - Copying 0 resource
2020-01-15 21:09:53,472 [Worker-26: Building workspace] INFO  o.e.m.c.i.embedder.EclipseLogger - Copying 0 resource
2020-01-15 21:09:53,475 [Worker-26: Building workspace] INFO  o.e.m.c.i.embedder.EclipseLogger - Using 'UTF-8' encoding to copy filtered resources.
2020-01-15 21:09:53,477 [Worker-26: Building workspace] INFO  o.e.m.c.i.embedder.EclipseLogger - skip non existing resourceDirectory C:\work-space-hibernate-jpa-spring-data\H-JPA-SPRING-DATA\src\test\resources
2020-01-15 21:11:43,595 [Worker-40: Building workspace] INFO  o.e.m.c.i.embedder.EclipseLogger - Using 'UTF-8' encoding to copy filtered resources.
2020-01-15 21:11:43,596 [Worker-40: Building workspace] INFO  o.e.m.c.i.embedder.EclipseLogger - Copying 0 resource
2020-01-15 21:11:43,596 [Worker-40: Building workspace] INFO  o.e.m.c.i.embedder.EclipseLogger - Copying 0 resource
2020-01-15 21:11:43,599 [Worker-40: Building workspace] INFO  o.e.m.c.i.embedder.EclipseLogger - Using 'UTF-8' encoding to copy filtered resources.
2020-01-15 21:11:43,599 [Worker-40: Building workspace] INFO  o.e.m.c.i.embedder.EclipseLogger - skip non existing resourceDirectory C:\work-space-hibernate-jpa-spring-data\H-JPA-SPRING-DATA\src\test\resources
2020-01-15 21:12:30,530 [Worker-39: Building workspace] INFO  o.e.m.c.i.embedder.EclipseLogger - Using 'UTF-8' encoding to copy filtered resources.
2020-01-15 21:12:30,531 [Worker-39: Building workspace] INFO  o.e.m.c.i.embedder.EclipseLogger - Copying 0 resource
2020-01-15 21:12:30,531 [Worker-39: Building workspace] INFO  o.e.m.c.i.embedder.EclipseLogger - Copying 0 resource
2020-01-15 21:12:30,535 [Worker-39: Building workspace] INFO  o.e.m.c.i.embedder.EclipseLogger - Using 'UTF-8' encoding to copy filtered resources.
2020-01-15 21:12:30,535 [Worker-39: Building workspace] INFO  o.e.m.c.i.embedder.EclipseLogger - skip non existing resourceDirectory C:\work-space-hibernate-jpa-spring-data\H-JPA-SPRING-DATA\src\test\resources
2020-01-15 21:13:46,409 [Worker-26: Building workspace] INFO  o.e.m.c.i.embedder.EclipseLogger - Using 'UTF-8' encoding to copy filtered resources.
2020-01-15 21:13:46,410 [Worker-26: Building workspace] INFO  o.e.m.c.i.embedder.EclipseLogger - Copying 0 resource
2020-01-15 21:13:46,410 [Worker-26: Building workspace] INFO  o.e.m.c.i.embedder.EclipseLogger - Copying 0 resource
2020-01-15 21:13:46,412 [Worker-26: Building workspace] INFO  o.e.m.c.i.embedder.EclipseLogger - Using 'UTF-8' encoding to copy filtered resources.
2020-01-15 21:13:46,413 [Worker-26: Building workspace] INFO  o.e.m.c.i.embedder.EclipseLogger - skip non existing resourceDirectory C:\work-space-hibernate-jpa-spring-data\H-JPA-SPRING-DATA\src\test\resources
2020-01-15 21:16:44,167 [Worker-39: Building workspace] INFO  o.e.m.c.i.embedder.EclipseLogger - Using 'UTF-8' encoding to copy filtered resources.
2020-01-15 21:16:44,167 [Worker-39: Building workspace] INFO  o.e.m.c.i.embedder.EclipseLogger - Copying 0 resource
2020-01-15 21:16:44,167 [Worker-39: Building workspace] INFO  o.e.m.c.i.embedder.EclipseLogger - Copying 0 resource
2020-01-15 21:16:44,170 [Worker-39: Building workspace] INFO  o.e.m.c.i.embedder.EclipseLogger - Using 'UTF-8' encoding to copy filtered resources.
2020-01-15 21:16:44,171 [Worker-39: Building workspace] INFO  o.e.m.c.i.embedder.EclipseLogger - skip non existing resourceDirectory C:\work-space-hibernate-jpa-spring-data\H-JPA-SPRING-DATA\src\test\resources
2020-01-15 21:18:35,560 [Worker-39: Building workspace] INFO  o.e.m.c.i.embedder.EclipseLogger - Using 'UTF-8' encoding to copy filtered resources.
2020-01-15 21:18:35,561 [Worker-39: Building workspace] INFO  o.e.m.c.i.embedder.EclipseLogger - Copying 0 resource
2020-01-15 21:18:35,561 [Worker-39: Building workspace] INFO  o.e.m.c.i.embedder.EclipseLogger - Copying 0 resource
2020-01-15 21:18:35,564 [Worker-39: Building workspace] INFO  o.e.m.c.i.embedder.EclipseLogger - Using 'UTF-8' encoding to copy filtered resources.
2020-01-15 21:18:35,565 [Worker-39: Building workspace] INFO  o.e.m.c.i.embedder.EclipseLogger - skip non existing resourceDirectory C:\work-space-hibernate-jpa-spring-data\H-JPA-SPRING-DATA\src\test\resources
2020-01-15 21:20:22,544 [Worker-38: Building workspace] INFO  o.e.m.c.i.embedder.EclipseLogger - Using 'UTF-8' encoding to copy filtered resources.
2020-01-15 21:20:22,545 [Worker-38: Building workspace] INFO  o.e.m.c.i.embedder.EclipseLogger - Copying 0 resource
2020-01-15 21:20:22,545 [Worker-38: Building workspace] INFO  o.e.m.c.i.embedder.EclipseLogger - Copying 0 resource
2020-01-15 21:20:22,548 [Worker-38: Building workspace] INFO  o.e.m.c.i.embedder.EclipseLogger - Using 'UTF-8' encoding to copy filtered resources.
2020-01-15 21:20:22,548 [Worker-38: Building workspace] INFO  o.e.m.c.i.embedder.EclipseLogger - skip non existing resourceDirectory C:\work-space-hibernate-jpa-spring-data\H-JPA-SPRING-DATA\src\test\resources
2020-01-15 21:24:27,863 [Worker-45: Building workspace] INFO  o.e.m.c.i.embedder.EclipseLogger - Using 'UTF-8' encoding to copy filtered resources.
2020-01-15 21:24:27,863 [Worker-45: Building workspace] INFO  o.e.m.c.i.embedder.EclipseLogger - Copying 0 resource
2020-01-15 21:24:27,863 [Worker-45: Building workspace] INFO  o.e.m.c.i.embedder.EclipseLogger - Copying 0 resource
2020-01-15 21:24:27,870 [Worker-45: Building workspace] INFO  o.e.m.c.i.embedder.EclipseLogger - Using 'UTF-8' encoding to copy filtered resources.
2020-01-15 21:24:27,871 [Worker-45: Building workspace] INFO  o.e.m.c.i.embedder.EclipseLogger - skip non existing resourceDirectory C:\work-space-hibernate-jpa-spring-data\H-JPA-SPRING-DATA\src\test\resources
2020-01-15 21:26:05,032 [Worker-45: Building workspace] INFO  o.e.m.c.i.embedder.EclipseLogger - Using 'UTF-8' encoding to copy filtered resources.
2020-01-15 21:26:05,033 [Worker-45: Building workspace] INFO  o.e.m.c.i.embedder.EclipseLogger - Copying 0 resource
2020-01-15 21:26:05,034 [Worker-45: Building workspace] INFO  o.e.m.c.i.embedder.EclipseLogger - Copying 0 resource
2020-01-15 21:26:05,037 [Worker-45: Building workspace] INFO  o.e.m.c.i.embedder.EclipseLogger - Using 'UTF-8' encoding to copy filtered resources.
2020-01-15 21:26:05,037 [Worker-45: Building workspace] INFO  o.e.m.c.i.embedder.EclipseLogger - skip non existing resourceDirectory C:\work-space-hibernate-jpa-spring-data\H-JPA-SPRING-DATA\src\test\resources
2020-01-15 21:27:21,773 [Worker-44: Building workspace] INFO  o.e.m.c.i.embedder.EclipseLogger - Using 'UTF-8' encoding to copy filtered resources.
2020-01-15 21:27:21,773 [Worker-44: Building workspace] INFO  o.e.m.c.i.embedder.EclipseLogger - Copying 0 resource
2020-01-15 21:27:21,773 [Worker-44: Building workspace] INFO  o.e.m.c.i.embedder.EclipseLogger - Copying 0 resource
2020-01-15 21:27:21,775 [Worker-44: Building workspace] INFO  o.e.m.c.i.embedder.EclipseLogger - Using 'UTF-8' encoding to copy filtered resources.
2020-01-15 21:27:21,776 [Worker-44: Building workspace] INFO  o.e.m.c.i.embedder.EclipseLogger - skip non existing resourceDirectory C:\work-space-hibernate-jpa-spring-data\H-JPA-SPRING-DATA\src\test\resources
2020-01-15 21:31:53,094 [Worker-48: Building workspace] INFO  o.e.m.c.i.embedder.EclipseLogger - Using 'UTF-8' encoding to copy filtered resources.
2020-01-15 21:31:53,095 [Worker-48: Building workspace] INFO  o.e.m.c.i.embedder.EclipseLogger - Copying 0 resource
2020-01-15 21:31:53,096 [Worker-48: Building workspace] INFO  o.e.m.c.i.embedder.EclipseLogger - Copying 0 resource
2020-01-15 21:31:53,127 [Worker-48: Building workspace] INFO  o.e.m.c.i.embedder.EclipseLogger - Using 'UTF-8' encoding to copy filtered resources.
2020-01-15 21:31:53,127 [Worker-48: Building workspace] INFO  o.e.m.c.i.embedder.EclipseLogger - skip non existing resourceDirectory C:\work-space-hibernate-jpa-spring-data\H-JPA-SPRING-DATA\src\test\resources
2020-01-15 21:33:30,939 [Worker-50: Building workspace] INFO  o.e.m.c.i.embedder.EclipseLogger - Using 'UTF-8' encoding to copy filtered resources.
2020-01-15 21:33:30,939 [Worker-50: Building workspace] INFO  o.e.m.c.i.embedder.EclipseLogger - Copying 0 resource
2020-01-15 21:33:30,939 [Worker-50: Building workspace] INFO  o.e.m.c.i.embedder.EclipseLogger - Copying 0 resource
2020-01-15 21:33:30,942 [Worker-50: Building workspace] INFO  o.e.m.c.i.embedder.EclipseLogger - Using 'UTF-8' encoding to copy filtered resources.
2020-01-15 21:33:30,942 [Worker-50: Building workspace] INFO  o.e.m.c.i.embedder.EclipseLogger - skip non existing resourceDirectory C:\work-space-hibernate-jpa-spring-data\H-JPA-SPRING-DATA\src\test\resources
2020-01-15 21:51:15,316 [Worker-61: Building workspace] INFO  o.e.m.c.i.embedder.EclipseLogger - Using 'UTF-8' encoding to copy filtered resources.
2020-01-15 21:51:15,317 [Worker-61: Building workspace] INFO  o.e.m.c.i.embedder.EclipseLogger - Copying 0 resource
2020-01-15 21:51:15,317 [Worker-61: Building workspace] INFO  o.e.m.c.i.embedder.EclipseLogger - Copying 0 resource
2020-01-15 21:51:15,320 [Worker-61: Building workspace] INFO  o.e.m.c.i.embedder.EclipseLogger - Using 'UTF-8' encoding to copy filtered resources.
2020-01-15 21:51:15,320 [Worker-61: Building workspace] INFO  o.e.m.c.i.embedder.EclipseLogger - skip non existing resourceDirectory C:\work-space-hibernate-jpa-spring-data\H-JPA-SPRING-DATA\src\test\resources
